<?xml version="1.0" encoding="UTF-8"?>
<testsuite name="com.ohgiraffers.section03.entity.EntityLifeCycleTests" tests="1" skipped="0" failures="0" errors="0" timestamp="2025-11-20T07:13:49.270Z" hostname="DESKTOP-GEHIS4F" time="1.628">
  <properties/>
  <testcase name="[1] 11, 1000" classname="com.ohgiraffers.section03.entity.EntityLifeCycleTests" time="1.628"/>
  <system-out><![CDATA[Hibernate: 
    select
        m1_0.menu_code,
        m1_0.category_code,
        m1_0.menu_name,
        m1_0.menu_price,
        m1_0.orderable_status 
    from
        tbl_menu m1_0 
    where
        m1_0.menu_code=?
Hibernate: 
    select
        m1_0.menu_code,
        m1_0.category_code,
        m1_0.menu_name,
        m1_0.menu_price,
        m1_0.orderable_status 
    from
        tbl_menu m1_0 
    where
        m1_0.menu_code=?
]]></system-out>
  <system-err><![CDATA[11월 20, 2025 4:13:49 오후 org.hibernate.jpa.internal.util.LogHelper logPersistenceUnitInformation
INFO: HHH000204: Processing PersistenceUnitInfo [name: jpatest]
11월 20, 2025 4:13:49 오후 org.hibernate.Version logVersion
INFO: HHH000412: Hibernate ORM core version 6.3.1.Final
11월 20, 2025 4:13:49 오후 org.hibernate.cache.internal.RegionFactoryInitiator initiateService
INFO: HHH000026: Second-level cache disabled
11월 20, 2025 4:13:49 오후 org.hibernate.engine.jdbc.connections.internal.DriverManagerConnectionProviderImpl configure
WARN: HHH10001002: Using built-in connection pool (not intended for production use)
11월 20, 2025 4:13:49 오후 org.hibernate.engine.jdbc.connections.internal.DriverManagerConnectionProviderImpl buildCreator
INFO: HHH10001005: Loaded JDBC driver class: com.mysql.cj.jdbc.Driver
11월 20, 2025 4:13:49 오후 org.hibernate.engine.jdbc.connections.internal.DriverManagerConnectionProviderImpl buildCreator
INFO: HHH10001012: Connecting with JDBC URL [jdbc:mysql://localhost:3306/menudb]
11월 20, 2025 4:13:49 오후 org.hibernate.engine.jdbc.connections.internal.DriverManagerConnectionProviderImpl buildCreator
INFO: HHH10001001: Connection properties: {password=****, user=ohgiraffers}
11월 20, 2025 4:13:49 오후 org.hibernate.engine.jdbc.connections.internal.DriverManagerConnectionProviderImpl buildCreator
INFO: HHH10001003: Autocommit mode: false
11월 20, 2025 4:13:49 오후 org.hibernate.engine.jdbc.connections.internal.DriverManagerConnectionProviderImpl$PooledConnections <init>
INFO: HHH10001115: Connection pool size: 20 (min=1)
11월 20, 2025 4:13:50 오후 org.hibernate.engine.transaction.jta.platform.internal.JtaPlatformInitiator initiateService
INFO: HHH000489: No JTA platform available (set 'hibernate.transaction.jta.platform' to enable JTA platform integration)
]]></system-err>
</testsuite>
