<?xml version="1.0" encoding="UTF-8"?>
<testsuite name="com.ohgiraffers.jpql.section06.join.JoinRepositoryTests" tests="1" skipped="0" failures="0" errors="0" timestamp="2025-11-26T01:49:34.891Z" hostname="DESKTOP-GEHIS4F" time="1.983">
  <properties/>
  <testcase name="페치 조인 테스트" classname="com.ohgiraffers.jpql.section06.join.JoinRepositoryTests" time="1.983"/>
  <system-out><![CDATA[10:49:26.003 [Test worker] INFO org.springframework.test.context.support.AnnotationConfigContextLoaderUtils -- Could not detect default configuration classes for test class [com.ohgiraffers.jpql.section06.join.JoinRepositoryTests]: JoinRepositoryTests does not declare any static, non-private, non-final, nested classes annotated with @Configuration.
10:49:26.202 [Test worker] INFO org.springframework.boot.test.context.SpringBootTestContextBootstrapper -- Found @SpringBootConfiguration com.ohgiraffers.jpql.Chap04JpqlApplication for test class com.ohgiraffers.jpql.section06.join.JoinRepositoryTests

  .   ____          _            __ _ _
 /\\ / ___'_ __ _ _(_)_ __  __ _ \ \ \ \
( ( )\___ | '_ | '_| | '_ \/ _` | \ \ \ \
 \\/  ___)| |_)| | | | | || (_| |  ) ) ) )
  '  |____| .__|_| |_|_| |_\__, | / / / /
 =========|_|==============|___/=/_/_/_/

 :: Spring Boot ::                (v4.0.0)

2025-11-26T10:49:27.219+09:00  INFO 17296 --- [    Test worker] c.o.j.s.join.JoinRepositoryTests         : Starting JoinRepositoryTests using Java 21.0.8 with PID 17296 (started by Admin in D:\master\09_jpa\chap04-jpql)
2025-11-26T10:49:27.223+09:00  INFO 17296 --- [    Test worker] c.o.j.s.join.JoinRepositoryTests         : No active profile set, falling back to 1 default profile: "default"
2025-11-26T10:49:27.970+09:00  INFO 17296 --- [    Test worker] .s.d.r.c.RepositoryConfigurationDelegate : Bootstrapping Spring Data JPA repositories in DEFAULT mode.
2025-11-26T10:49:28.056+09:00  INFO 17296 --- [    Test worker] .s.d.r.c.RepositoryConfigurationDelegate : Finished Spring Data repository scanning in 57 ms. Found 0 JPA repository interfaces.
2025-11-26T10:49:28.927+09:00  INFO 17296 --- [    Test worker] o.hibernate.jpa.internal.util.LogHelper  : HHH000204: Processing PersistenceUnitInfo [name: default]
2025-11-26T10:49:29.003+09:00  INFO 17296 --- [    Test worker] org.hibernate.Version                    : HHH000412: Hibernate ORM core version 7.1.8.Final
2025-11-26T10:49:30.356+09:00  INFO 17296 --- [    Test worker] o.s.o.j.p.SpringPersistenceUnitInfo      : No LoadTimeWeaver setup: ignoring JPA class transformer
2025-11-26T10:49:30.456+09:00  INFO 17296 --- [    Test worker] com.zaxxer.hikari.HikariDataSource       : HikariPool-1 - Starting...
2025-11-26T10:49:31.280+09:00  INFO 17296 --- [    Test worker] com.zaxxer.hikari.pool.HikariPool        : HikariPool-1 - Added connection com.mysql.cj.jdbc.ConnectionImpl@28295554
2025-11-26T10:49:31.286+09:00  INFO 17296 --- [    Test worker] com.zaxxer.hikari.HikariDataSource       : HikariPool-1 - Start completed.
2025-11-26T10:49:31.425+09:00  WARN 17296 --- [    Test worker] org.hibernate.orm.deprecation            : HHH90000025: MySQLDialect does not need to be specified explicitly using 'hibernate.dialect' (remove the property setting and it will be selected by default)
2025-11-26T10:49:31.471+09:00  INFO 17296 --- [    Test worker] org.hibernate.orm.connections.pooling    : HHH10001005: Database info:
	Database JDBC URL [jdbc:mysql://localhost:3306/menudb]
	Database driver: MySQL Connector/J
	Database dialect: MySQLDialect
	Database version: 8.0.40
	Default catalog/schema: menudb/undefined
	Autocommit mode: undefined/unknown
	Isolation level: REPEATABLE_READ [default REPEATABLE_READ]
	JDBC fetch size: none
	Pool: DatasourceConnectionProviderImpl
	Minimum pool size: undefined/unknown
	Maximum pool size: undefined/unknown
2025-11-26T10:49:34.152+09:00  INFO 17296 --- [    Test worker] o.h.e.t.j.p.i.JtaPlatformInitiator       : HHH000489: No JTA platform available (set 'hibernate.transaction.jta.platform' to enable JTA platform integration)
2025-11-26T10:49:34.172+09:00  INFO 17296 --- [    Test worker] j.LocalContainerEntityManagerFactoryBean : Initialized JPA EntityManagerFactory for persistence unit 'default'
2025-11-26T10:49:34.879+09:00  INFO 17296 --- [    Test worker] c.o.j.s.join.JoinRepositoryTests         : Started JoinRepositoryTests in 8.449 seconds (process running for 11.5)
Hibernate: 
    select
        m1_0.menu_code,
        c1_0.category_code,
        c1_0.category_name,
        c1_0.ref_category_code,
        m1_0.menu_name,
        m1_0.menu_price,
        m1_0.orderable_status 
    from
        tbl_menu m1_0 
    join
        tbl_category c1_0 
            on c1_0.category_code=m1_0.category_code
]]></system-out>
  <system-err><![CDATA[Mockito is currently self-attaching to enable the inline-mock-maker. This will no longer work in future releases of the JDK. Please add Mockito as an agent to your build as described in Mockito's documentation: https://javadoc.io/doc/org.mockito/mockito-core/latest/org.mockito/org/mockito/Mockito.html#0.3
WARNING: A Java agent has been loaded dynamically (C:\Users\Admin\.gradle\caches\modules-2\files-2.1\net.bytebuddy\byte-buddy-agent\1.17.8\f09415827a71be7ed621c7bd02550678f28bc81c\byte-buddy-agent-1.17.8.jar)
WARNING: If a serviceability tool is in use, please run with -XX:+EnableDynamicAgentLoading to hide this warning
WARNING: If a serviceability tool is not in use, please run with -Djdk.instrument.traceUsage for more information
WARNING: Dynamic loading of agents will be disallowed by default in a future release
]]></system-err>
</testsuite>
