<?xml version="1.0" encoding="UTF-8"?>
<testsuite name="com.ohgiraffers.mapping.section02.embedded.BookRegistServiceTests" tests="1" skipped="0" failures="0" errors="0" timestamp="2025-11-24T11:43:04.364Z" hostname="DESKTOP-GEHIS4F" time="0.494">
  <properties/>
  <testcase name="[1] bookTitle = &quot;혼자 공부하는 자바&quot;, author = &quot;신용권&quot;, publisher = &quot;한빛미디어&quot;, publishedDate = 2025-11-24, regularPrice = 28000, discountRate = 0.1" classname="com.ohgiraffers.mapping.section02.embedded.BookRegistServiceTests" time="0.494"/>
  <system-out><![CDATA[20:43:01.279 [Test worker] INFO org.springframework.test.context.support.AnnotationConfigContextLoaderUtils -- Could not detect default configuration classes for test class [com.ohgiraffers.mapping.section02.embedded.BookRegistServiceTests]: BookRegistServiceTests does not declare any static, non-private, non-final, nested classes annotated with @Configuration.
20:43:01.382 [Test worker] INFO org.springframework.boot.test.context.SpringBootTestContextBootstrapper -- Found @SpringBootConfiguration com.ohgiraffers.mapping.Chap02MappingApplication for test class com.ohgiraffers.mapping.section02.embedded.BookRegistServiceTests

  .   ____          _            __ _ _
 /\\ / ___'_ __ _ _(_)_ __  __ _ \ \ \ \
( ( )\___ | '_ | '_| | '_ \/ _` | \ \ \ \
 \\/  ___)| |_)| | | | | || (_| |  ) ) ) )
  '  |____| .__|_| |_|_| |_\__, | / / / /
 =========|_|==============|___/=/_/_/_/

 :: Spring Boot ::                (v4.0.0)

2025-11-24T20:43:01.767+09:00  INFO 12124 --- [    Test worker] c.o.m.s.embedded.BookRegistServiceTests  : Starting BookRegistServiceTests using Java 21.0.8 with PID 12124 (started by Admin in D:\lecture\10_jpa\chap02-mapping)
2025-11-24T20:43:01.767+09:00  INFO 12124 --- [    Test worker] c.o.m.s.embedded.BookRegistServiceTests  : No active profile set, falling back to 1 default profile: "default"
2025-11-24T20:43:02.095+09:00  INFO 12124 --- [    Test worker] .s.d.r.c.RepositoryConfigurationDelegate : Bootstrapping Spring Data JPA repositories in DEFAULT mode.
2025-11-24T20:43:02.118+09:00  INFO 12124 --- [    Test worker] .s.d.r.c.RepositoryConfigurationDelegate : Finished Spring Data repository scanning in 12 ms. Found 0 JPA repository interfaces.
2025-11-24T20:43:02.357+09:00  INFO 12124 --- [    Test worker] o.hibernate.jpa.internal.util.LogHelper  : HHH000204: Processing PersistenceUnitInfo [name: default]
2025-11-24T20:43:02.412+09:00  INFO 12124 --- [    Test worker] org.hibernate.Version                    : HHH000412: Hibernate ORM core version 7.1.8.Final
2025-11-24T20:43:02.847+09:00  INFO 12124 --- [    Test worker] o.s.o.j.p.SpringPersistenceUnitInfo      : No LoadTimeWeaver setup: ignoring JPA class transformer
2025-11-24T20:43:02.881+09:00  INFO 12124 --- [    Test worker] com.zaxxer.hikari.HikariDataSource       : HikariPool-1 - Starting...
2025-11-24T20:43:03.207+09:00  INFO 12124 --- [    Test worker] com.zaxxer.hikari.pool.HikariPool        : HikariPool-1 - Added connection com.mysql.cj.jdbc.ConnectionImpl@63d66761
2025-11-24T20:43:03.209+09:00  INFO 12124 --- [    Test worker] com.zaxxer.hikari.HikariDataSource       : HikariPool-1 - Start completed.
2025-11-24T20:43:03.243+09:00  WARN 12124 --- [    Test worker] org.hibernate.orm.deprecation            : HHH90000025: MySQLDialect does not need to be specified explicitly using 'hibernate.dialect' (remove the property setting and it will be selected by default)
2025-11-24T20:43:03.260+09:00  INFO 12124 --- [    Test worker] org.hibernate.orm.connections.pooling    : HHH10001005: Database info:
	Database JDBC URL [jdbc:mysql://localhost:3306/menudb]
	Database driver: MySQL Connector/J
	Database dialect: MySQLDialect
	Database version: 8.0.40
	Default catalog/schema: menudb/undefined
	Autocommit mode: undefined/unknown
	Isolation level: REPEATABLE_READ [default REPEATABLE_READ]
	JDBC fetch size: none
	Pool: DatasourceConnectionProviderImpl
	Minimum pool size: undefined/unknown
	Maximum pool size: undefined/unknown
2025-11-24T20:43:04.042+09:00  INFO 12124 --- [    Test worker] o.h.e.t.j.p.i.JtaPlatformInitiator       : HHH000489: No JTA platform available (set 'hibernate.transaction.jta.platform' to enable JTA platform integration)
Hibernate: 
    drop table if exists tbl_book
Hibernate: 
    drop table if exists tbl_member
Hibernate: 
    create table tbl_book (
        book_no integer not null auto_increment,
        discount_rate float(53),
        published_date date,
        regular_price integer,
        sell_price integer,
        author varchar(255),
        book_title varchar(255),
        publisher varchar(255),
        primary key (book_no)
    ) engine=InnoDB
Hibernate: 
    create table tbl_member (
        member_no integer not null auto_increment,
        member_role tinyint check ((member_role between 0 and 1)),
        enroll_date datetime(6),
        address varchar(900),
        member_id varchar(10) not null,
        member_name varchar(255),
        member_pwd varchar(255) not null,
        phone varchar(255),
        status char(1) default 'Y',
        primary key (member_no)
    ) engine=InnoDB
Hibernate: 
    alter table tbl_member 
       add constraint UK35ypgkanb6sdhg3w2vm7a3hth unique (member_id)
2025-11-24T20:43:04.155+09:00  INFO 12124 --- [    Test worker] j.LocalContainerEntityManagerFactoryBean : Initialized JPA EntityManagerFactory for persistence unit 'default'
2025-11-24T20:43:04.355+09:00  INFO 12124 --- [    Test worker] c.o.m.s.embedded.BookRegistServiceTests  : Started BookRegistServiceTests in 2.824 seconds (process running for 3.997)
Hibernate: 
    insert 
    into
        tbl_book
        (author, book_title, discount_rate, regular_price, sell_price, published_date, publisher) 
    values
        (?, ?, ?, ?, ?, ?, ?)
]]></system-out>
  <system-err><![CDATA[Mockito is currently self-attaching to enable the inline-mock-maker. This will no longer work in future releases of the JDK. Please add Mockito as an agent to your build as described in Mockito's documentation: https://javadoc.io/doc/org.mockito/mockito-core/latest/org.mockito/org/mockito/Mockito.html#0.3
WARNING: A Java agent has been loaded dynamically (C:\Users\Admin\.gradle\caches\modules-2\files-2.1\net.bytebuddy\byte-buddy-agent\1.17.8\f09415827a71be7ed621c7bd02550678f28bc81c\byte-buddy-agent-1.17.8.jar)
WARNING: If a serviceability tool is in use, please run with -XX:+EnableDynamicAgentLoading to hide this warning
WARNING: If a serviceability tool is not in use, please run with -Djdk.instrument.traceUsage for more information
WARNING: Dynamic loading of agents will be disallowed by default in a future release
]]></system-err>
</testsuite>
